ERROR 2025-06-16 19:27:39,776 basehttp 30293 6158397440 "GET /projects/1/ HTTP/1.1" 500 59
ERROR 2025-06-16 19:27:51,814 basehttp 30293 6158397440 "GET /projects/1/ HTTP/1.1" 500 59
ERROR 2025-06-18 05:51:01,951 error_views 38448 8681377600 500 error: /projects/2/ - User: user1@example.com
ERROR 2025-06-18 05:51:01,952 error_views 38448 8681377600 500 error: /projects/2/ - User: user1@example.com
ERROR 2025-06-18 05:51:01,952 error_views 38448 8681377600 500 error: /projects/2/ - User: user1@example.com
ERROR 2025-06-18 05:51:01,952 error_views 38448 8681377600 500 error: /projects/2/ - User: user1@example.com
ERROR 2025-06-18 05:51:01,952 error_views 38448 8681377600 500 error: /projects/2/ - User: user1@example.com
ERROR 2025-06-18 05:51:01,952 error_views 38448 8681377600 500 error: /projects/2/ - User: user1@example.com
ERROR 2025-06-18 05:51:01,952 error_views 38448 8681377600 500 error: /projects/2/ - User: user1@example.com
ERROR 2025-06-18 05:51:01,952 error_views 38448 8681377600 500 error: /projects/2/ - User: user1@example.com
ERROR 2025-06-18 05:51:06,730 error_views 38448 8681377600 500 error: /projects/1/edit/ - User: other@example.com
ERROR 2025-06-18 05:51:06,730 error_views 38448 8681377600 500 error: /projects/1/edit/ - User: other@example.com
ERROR 2025-06-18 05:51:06,730 error_views 38448 8681377600 500 error: /projects/1/edit/ - User: other@example.com
ERROR 2025-06-18 05:51:06,730 error_views 38448 8681377600 500 error: /projects/1/edit/ - User: other@example.com
ERROR 2025-06-18 05:51:06,730 error_views 38448 8681377600 500 error: /projects/1/edit/ - User: other@example.com
ERROR 2025-06-18 05:51:06,730 error_views 38448 8681377600 500 error: /projects/1/edit/ - User: other@example.com
ERROR 2025-06-18 05:51:06,730 error_views 38448 8681377600 500 error: /projects/1/edit/ - User: other@example.com
ERROR 2025-06-18 05:51:06,730 error_views 38448 8681377600 500 error: /projects/1/edit/ - User: other@example.com
ERROR 2025-06-18 05:51:07,931 error_views 38448 8681377600 500 error: /projects/1/ - User: other@example.com
ERROR 2025-06-18 05:51:07,931 error_views 38448 8681377600 500 error: /projects/1/ - User: other@example.com
ERROR 2025-06-18 05:51:07,931 error_views 38448 8681377600 500 error: /projects/1/ - User: other@example.com
ERROR 2025-06-18 05:51:07,931 error_views 38448 8681377600 500 error: /projects/1/ - User: other@example.com
ERROR 2025-06-18 05:51:07,931 error_views 38448 8681377600 500 error: /projects/1/ - User: other@example.com
ERROR 2025-06-18 05:51:07,931 error_views 38448 8681377600 500 error: /projects/1/ - User: other@example.com
ERROR 2025-06-18 05:51:07,931 error_views 38448 8681377600 500 error: /projects/1/ - User: other@example.com
ERROR 2025-06-18 05:51:07,931 error_views 38448 8681377600 500 error: /projects/1/ - User: other@example.com
ERROR 2025-06-18 05:51:15,510 error_views 38448 8681377600 500 error: /tasks/1/edit/ - User: test@example.com
ERROR 2025-06-18 05:51:15,510 error_views 38448 8681377600 500 error: /tasks/1/edit/ - User: test@example.com
ERROR 2025-06-18 05:51:15,511 error_views 38448 8681377600 500 error: /tasks/1/edit/ - User: test@example.com
ERROR 2025-06-18 05:51:15,511 error_views 38448 8681377600 500 error: /tasks/1/edit/ - User: test@example.com
ERROR 2025-06-18 05:51:15,511 error_views 38448 8681377600 500 error: /tasks/1/edit/ - User: test@example.com
ERROR 2025-06-18 05:51:15,511 error_views 38448 8681377600 500 error: /tasks/1/edit/ - User: test@example.com
ERROR 2025-06-18 05:51:15,511 error_views 38448 8681377600 500 error: /tasks/1/edit/ - User: test@example.com
ERROR 2025-06-18 05:51:15,511 error_views 38448 8681377600 500 error: /tasks/1/edit/ - User: test@example.com
ERROR 2025-06-18 05:57:55,345 error_views 38529 8681377600 500 error: /projects/1/edit/ - User: other@example.com
ERROR 2025-06-18 05:57:55,346 error_views 38529 8681377600 500 error: /projects/1/edit/ - User: other@example.com
ERROR 2025-06-18 05:57:55,346 error_views 38529 8681377600 500 error: /projects/1/edit/ - User: other@example.com
ERROR 2025-06-18 05:57:55,346 error_views 38529 8681377600 500 error: /projects/1/edit/ - User: other@example.com
ERROR 2025-06-18 05:57:55,346 error_views 38529 8681377600 500 error: /projects/1/edit/ - User: other@example.com
ERROR 2025-06-18 05:57:55,346 error_views 38529 8681377600 500 error: /projects/1/edit/ - User: other@example.com
ERROR 2025-06-18 05:57:55,347 error_views 38529 8681377600 500 error: /projects/1/edit/ - User: other@example.com
ERROR 2025-06-18 05:57:55,347 error_views 38529 8681377600 500 error: /projects/1/edit/ - User: other@example.com
ERROR 2025-06-18 05:57:56,550 error_views 38529 8681377600 500 error: /projects/1/ - User: other@example.com
ERROR 2025-06-18 05:57:56,550 error_views 38529 8681377600 500 error: /projects/1/ - User: other@example.com
ERROR 2025-06-18 05:57:56,550 error_views 38529 8681377600 500 error: /projects/1/ - User: other@example.com
ERROR 2025-06-18 05:57:56,550 error_views 38529 8681377600 500 error: /projects/1/ - User: other@example.com
ERROR 2025-06-18 05:57:56,550 error_views 38529 8681377600 500 error: /projects/1/ - User: other@example.com
ERROR 2025-06-18 05:57:56,550 error_views 38529 8681377600 500 error: /projects/1/ - User: other@example.com
ERROR 2025-06-18 05:57:56,550 error_views 38529 8681377600 500 error: /projects/1/ - User: other@example.com
ERROR 2025-06-18 05:57:56,550 error_views 38529 8681377600 500 error: /projects/1/ - User: other@example.com
ERROR 2025-06-18 05:59:11,655 error_views 38655 8681377600 500 error: /projects/2/ - User: user1@example.com
ERROR 2025-06-18 05:59:11,655 error_views 38655 8681377600 500 error: /projects/2/ - User: user1@example.com
ERROR 2025-06-18 05:59:11,656 error_views 38655 8681377600 500 error: /projects/2/ - User: user1@example.com
ERROR 2025-06-18 05:59:11,656 error_views 38655 8681377600 500 error: /projects/2/ - User: user1@example.com
ERROR 2025-06-18 05:59:11,656 error_views 38655 8681377600 500 error: /projects/2/ - User: user1@example.com
ERROR 2025-06-18 05:59:11,656 error_views 38655 8681377600 500 error: /projects/2/ - User: user1@example.com
ERROR 2025-06-18 05:59:11,656 error_views 38655 8681377600 500 error: /projects/2/ - User: user1@example.com
ERROR 2025-06-18 05:59:11,656 error_views 38655 8681377600 500 error: /projects/2/ - User: user1@example.com
ERROR 2025-06-18 05:59:16,374 error_views 38655 8681377600 500 error: /projects/1/edit/ - User: other@example.com
ERROR 2025-06-18 05:59:16,374 error_views 38655 8681377600 500 error: /projects/1/edit/ - User: other@example.com
ERROR 2025-06-18 05:59:16,374 error_views 38655 8681377600 500 error: /projects/1/edit/ - User: other@example.com
ERROR 2025-06-18 05:59:16,374 error_views 38655 8681377600 500 error: /projects/1/edit/ - User: other@example.com
ERROR 2025-06-18 05:59:16,374 error_views 38655 8681377600 500 error: /projects/1/edit/ - User: other@example.com
ERROR 2025-06-18 05:59:16,374 error_views 38655 8681377600 500 error: /projects/1/edit/ - User: other@example.com
ERROR 2025-06-18 05:59:16,374 error_views 38655 8681377600 500 error: /projects/1/edit/ - User: other@example.com
ERROR 2025-06-18 05:59:16,374 error_views 38655 8681377600 500 error: /projects/1/edit/ - User: other@example.com
ERROR 2025-06-18 05:59:17,560 error_views 38655 8681377600 500 error: /projects/1/ - User: other@example.com
ERROR 2025-06-18 05:59:17,560 error_views 38655 8681377600 500 error: /projects/1/ - User: other@example.com
ERROR 2025-06-18 05:59:17,560 error_views 38655 8681377600 500 error: /projects/1/ - User: other@example.com
ERROR 2025-06-18 05:59:17,561 error_views 38655 8681377600 500 error: /projects/1/ - User: other@example.com
ERROR 2025-06-18 05:59:17,561 error_views 38655 8681377600 500 error: /projects/1/ - User: other@example.com
ERROR 2025-06-18 05:59:17,561 error_views 38655 8681377600 500 error: /projects/1/ - User: other@example.com
ERROR 2025-06-18 05:59:17,561 error_views 38655 8681377600 500 error: /projects/1/ - User: other@example.com
ERROR 2025-06-18 05:59:17,561 error_views 38655 8681377600 500 error: /projects/1/ - User: other@example.com
ERROR 2025-06-18 05:59:25,063 error_views 38655 8681377600 500 error: /tasks/1/edit/ - User: test@example.com
ERROR 2025-06-18 05:59:25,063 error_views 38655 8681377600 500 error: /tasks/1/edit/ - User: test@example.com
ERROR 2025-06-18 05:59:25,063 error_views 38655 8681377600 500 error: /tasks/1/edit/ - User: test@example.com
ERROR 2025-06-18 05:59:25,063 error_views 38655 8681377600 500 error: /tasks/1/edit/ - User: test@example.com
ERROR 2025-06-18 05:59:25,063 error_views 38655 8681377600 500 error: /tasks/1/edit/ - User: test@example.com
ERROR 2025-06-18 05:59:25,063 error_views 38655 8681377600 500 error: /tasks/1/edit/ - User: test@example.com
ERROR 2025-06-18 05:59:25,063 error_views 38655 8681377600 500 error: /tasks/1/edit/ - User: test@example.com
ERROR 2025-06-18 05:59:25,064 error_views 38655 8681377600 500 error: /tasks/1/edit/ - User: test@example.com
ERROR 2025-06-19 20:15:46,084 basehttp 45184 6170030080 You're accessing the development server over HTTPS, but it only supports HTTP.
ERROR 2025-06-19 20:15:46,085 basehttp 45184 6170030080 You're accessing the development server over HTTPS, but it only supports HTTP.
ERROR 2025-06-19 20:15:56,100 basehttp 45184 6186283008 You're accessing the development server over HTTPS, but it only supports HTTP.
ERROR 2025-06-19 20:15:56,101 basehttp 45184 6186283008 You're accessing the development server over HTTPS, but it only supports HTTP.
ERROR 2025-06-19 20:16:25,677 basehttp 45235 6139146240 You're accessing the development server over HTTPS, but it only supports HTTP.
ERROR 2025-06-19 20:16:25,678 basehttp 45235 6155972608 You're accessing the development server over HTTPS, but it only supports HTTP.
ERROR 2025-06-19 20:16:25,679 basehttp 45235 6139146240 You're accessing the development server over HTTPS, but it only supports HTTP.
ERROR 2025-06-19 20:16:25,680 basehttp 45235 6155972608 You're accessing the development server over HTTPS, but it only supports HTTP.
ERROR 2025-06-19 20:16:27,584 basehttp 45235 6139146240 You're accessing the development server over HTTPS, but it only supports HTTP.
ERROR 2025-06-19 20:16:27,585 basehttp 45235 6155972608 You're accessing the development server over HTTPS, but it only supports HTTP.
ERROR 2025-06-19 20:16:27,586 basehttp 45235 6139146240 You're accessing the development server over HTTPS, but it only supports HTTP.
ERROR 2025-06-19 20:16:27,586 basehttp 45235 6172798976 You're accessing the development server over HTTPS, but it only supports HTTP.
ERROR 2025-06-19 20:16:37,830 basehttp 45255 6197948416 You're accessing the development server over HTTPS, but it only supports HTTP.
ERROR 2025-06-19 20:16:37,831 basehttp 45255 6214774784 You're accessing the development server over HTTPS, but it only supports HTTP.
ERROR 2025-06-19 20:16:37,832 basehttp 45255 6197948416 You're accessing the development server over HTTPS, but it only supports HTTP.
ERROR 2025-06-19 20:16:37,832 basehttp 45255 6214774784 You're accessing the development server over HTTPS, but it only supports HTTP.
ERROR 2025-06-19 20:17:39,377 basehttp 45325 6205878272 You're accessing the development server over HTTPS, but it only supports HTTP.
ERROR 2025-06-19 20:17:39,379 basehttp 45325 6205878272 You're accessing the development server over HTTPS, but it only supports HTTP.
ERROR 2025-06-19 20:17:39,379 basehttp 45325 6239531008 You're accessing the development server over HTTPS, but it only supports HTTP.
ERROR 2025-06-19 20:17:39,381 basehttp 45325 6205878272 You're accessing the development server over HTTPS, but it only supports HTTP.
ERROR 2025-06-19 20:18:57,513 basehttp 45325 6205304832 You're accessing the development server over HTTPS, but it only supports HTTP.
ERROR 2025-06-19 20:18:57,513 basehttp 45325 6222131200 You're accessing the development server over HTTPS, but it only supports HTTP.
ERROR 2025-06-19 20:18:57,514 basehttp 45325 6205304832 You're accessing the development server over HTTPS, but it only supports HTTP.
ERROR 2025-06-19 20:18:57,515 basehttp 45325 6222131200 You're accessing the development server over HTTPS, but it only supports HTTP.
ERROR 2025-06-19 20:19:08,770 basehttp 45423 6131888128 You're accessing the development server over HTTPS, but it only supports HTTP.
ERROR 2025-06-19 20:19:08,771 basehttp 45423 6131888128 You're accessing the development server over HTTPS, but it only supports HTTP.
ERROR 2025-06-19 20:19:08,773 basehttp 45423 6148714496 You're accessing the development server over HTTPS, but it only supports HTTP.
ERROR 2025-06-19 20:19:08,774 basehttp 45423 6148714496 You're accessing the development server over HTTPS, but it only supports HTTP.
ERROR 2025-06-19 20:21:06,349 basehttp 45423 6165540864 You're accessing the development server over HTTPS, but it only supports HTTP.
ERROR 2025-06-19 20:21:06,350 basehttp 45423 6165540864 You're accessing the development server over HTTPS, but it only supports HTTP.
ERROR 2025-06-19 20:21:16,163 basehttp 45423 6131888128 You're accessing the development server over HTTPS, but it only supports HTTP.
ERROR 2025-06-19 20:21:16,163 basehttp 45423 6165540864 You're accessing the development server over HTTPS, but it only supports HTTP.
ERROR 2025-06-19 20:21:16,166 basehttp 45423 6131888128 You're accessing the development server over HTTPS, but it only supports HTTP.
ERROR 2025-06-19 20:21:16,166 basehttp 45423 6165540864 You're accessing the development server over HTTPS, but it only supports HTTP.
